Build started 7/04/2013 12:31:17 AM.
     1>Project "C:\Users\Timothy\Desktop\AssetEngine\AssetEngine\AssetEngine.vcxproj" on node 2 (build target(s)).
     1>InitializeBuildStatus:
         Creating "Debug\AssetEngine.unsuccessfulbuild" because "AlwaysCreate" was specified.
       ClCompile:
         c:\Program Files (x86)\Microsoft Visual Studio 10.0\VC\bin\CL.exe /c /ZI /nologo /W3 /WX- /Od /Oy- /D _MBCS /Gm /EHsc /RTC1 /MDd /GS /fp:precise /Zc:wchar_t /Zc:forScope /Fo"Debug\\" /Fd"Debug\vc100.pdb" /Gd /TP /analyze- /errorReport:prompt Terrain.cpp
         Terrain.cpp
     1>c:\users\timothy\desktop\assetengine\assetengine\terrain.cpp(41): warning C4018: '<' : signed/unsigned mismatch
     1>c:\users\timothy\desktop\assetengine\assetengine\terrain.cpp(47): warning C4018: '<' : signed/unsigned mismatch
     1>c:\users\timothy\desktop\assetengine\assetengine\terrain.cpp(52): warning C4018: '<' : signed/unsigned mismatch
     1>c:\users\timothy\desktop\assetengine\assetengine\terrain.cpp(54): warning C4018: '<' : signed/unsigned mismatch
     1>c:\users\timothy\desktop\assetengine\assetengine\terrain.cpp(105): warning C4018: '<' : signed/unsigned mismatch
     1>c:\users\timothy\desktop\assetengine\assetengine\terrain.cpp(110): warning C4018: '<' : signed/unsigned mismatch
     1>c:\users\timothy\desktop\assetengine\assetengine\terrain.cpp(112): warning C4018: '<' : signed/unsigned mismatch
     1>c:\users\timothy\desktop\assetengine\assetengine\terrain.cpp(122): warning C4018: '<' : signed/unsigned mismatch
     1>c:\users\timothy\desktop\assetengine\assetengine\terrain.cpp(132): warning C4018: '<' : signed/unsigned mismatch
     1>c:\users\timothy\desktop\assetengine\assetengine\terrain.cpp(141): warning C4018: '<' : signed/unsigned mismatch
     1>c:\users\timothy\desktop\assetengine\assetengine\terrain.cpp(145): warning C4018: '<' : signed/unsigned mismatch
     1>c:\users\timothy\desktop\assetengine\assetengine\terrain.cpp(145): warning C4018: '<' : signed/unsigned mismatch
     1>c:\users\timothy\desktop\assetengine\assetengine\terrain.cpp(149): warning C4018: '<' : signed/unsigned mismatch
     1>c:\users\timothy\desktop\assetengine\assetengine\terrain.cpp(160): warning C4018: '<' : signed/unsigned mismatch
     1>c:\users\timothy\desktop\assetengine\assetengine\terrain.cpp(162): warning C4018: '<' : signed/unsigned mismatch
     1>c:\users\timothy\desktop\assetengine\assetengine\terrain.cpp(170): warning C4018: '<' : signed/unsigned mismatch
     1>c:\users\timothy\desktop\assetengine\assetengine\terrain.cpp(178): warning C4018: '<' : signed/unsigned mismatch
     1>c:\users\timothy\desktop\assetengine\assetengine\terrain.cpp(192): warning C4018: '<' : signed/unsigned mismatch
       Link:
         c:\Program Files (x86)\Microsoft Visual Studio 10.0\VC\bin\link.exe /ERRORREPORT:PROMPT /OUT:"C:\Users\Timothy\Desktop\AssetEngine\Debug\AssetEngine.exe" /NOLOGO kernel32.lib user32.lib gdi32.lib winspool.lib comdlg32.lib advapi32.lib shell32.lib ole32.lib oleaut32.lib uuid.lib odbc32.lib odbccp32.lib /MANIFEST /ManifestFile:"Debug\AssetEngine.exe.intermediate.manifest" /MANIFESTUAC:"level='asInvoker' uiAccess='false'" /DEBUG /PDB:"C:\Users\Timothy\Desktop\AssetEngine\Debug\AssetEngine.pdb" /TLBID:1 /DYNAMICBASE /NXCOMPAT /IMPLIB:"C:\Users\Timothy\Desktop\AssetEngine\Debug\AssetEngine.lib" /MACHINE:X86 Debug\AssetTest.obj
         Debug\GameAssetFactory.obj
         Debug\IAsset.obj
         Debug\OpenGLFunctions.obj
         Debug\Terrain.obj
         Debug\Texture.obj
         LINK : C:\Users\Timothy\Desktop\AssetEngine\Debug\AssetEngine.exe not found or not built by the last incremental link; performing full link
         AssetEngine.vcxproj -> C:\Users\Timothy\Desktop\AssetEngine\Debug\AssetEngine.exe
       Manifest:
         C:\Program Files (x86)\Microsoft SDKs\Windows\v7.0A\bin\mt.exe /nologo /verbose /outputresource:"C:\Users\Timothy\Desktop\AssetEngine\Debug\AssetEngine.exe;#1" /manifest Debug\AssetEngine.exe.intermediate.manifest
       FinalizeBuildStatus:
         Deleting file "Debug\AssetEngine.unsuccessfulbuild".
         Touching "Debug\AssetEngine.lastbuildstate".
     1>Done Building Project "C:\Users\Timothy\Desktop\AssetEngine\AssetEngine\AssetEngine.vcxproj" (build target(s)).

Build succeeded.

Time Elapsed 00:00:01.29
